#
# There is insufficient memory for the Java Runtime Environment to continue.
# Native memory allocation (mmap) failed to map 125829120 bytes for Failed to commit area from 0x0000000089400000 to 0x0000000090c00000 of length 125829120.
# Possible reasons:
#   The system is out of physical RAM or swap space
#   The process is running with CompressedOops enabled, and the Java Heap may be blocking the growth of the native heap
# Possible solutions:
#   Reduce memory load on the system
#   Increase physical memory or swap space
#   Check if swap backing store is full
#   Decrease Java heap size (-Xmx/-Xms)
#   Decrease number of Java threads
#   Decrease Java thread stack sizes (-Xss)
#   Set larger code cache with -XX:ReservedCodeCacheSize=
# This output file may be truncated or incomplete.
#
#  Out of Memory Error (./src/hotspot/os/windows/os_windows.cpp:3301), pid=29240, tid=11316
#
# JRE version:  (11.0.10) (build )
# Java VM: OpenJDK 64-Bit Server VM (11.0.10+0-b96-7249189, mixed mode, sharing, tiered, compressed oops, g1 gc, windows-amd64)
# No core dump will be written. Minidumps are not enabled by default on client versions of Windows
#

---------------  S U M M A R Y ------------

Command Line: -Dorg.gradle.appname=gradlew org.gradle.wrapper.GradleWrapperMain -q -Ptarget-platform=android-arm64 -Ptarget=C:\Users\SD\IdeaProjects\archathon_team32\lib\main.dart -Pdart-defines=Zmx1dHRlci5pbnNwZWN0b3Iuc3RydWN0dXJlZEVycm9ycz10cnVl,RkxVVFRFUl9XRUJfQVVUT19ERVRFQ1Q9dHJ1ZQ== -Pdart-obfuscation=false -Ptrack-widget-creation=true -Ptree-shake-icons=false -Pfilesystem-scheme=org-dartlang-root assembleDebug

Host: AMD Ryzen 7 4800H with Radeon Graphics         , 16 cores, 7G,  Windows 10 , 64 bit Build 22000 (10.0.22000.434)
Time: Fri Mar 11 11:40:31 2022 India Standard Time elapsed time: 0.026497 seconds (0d 0h 0m 0s)

---------------  T H R E A D  ---------------

Current thread (0x0000023922e29000):  JavaThread "Unknown thread" [_thread_in_vm, id=11316, stack(0x0000008777200000,0x0000008777300000)]

Stack: [0x0000008777200000,0x0000008777300000]
Native frames: (J=compiled Java code, j=interpreted, Vv=VM code, C=native code)
V  [jvm.dll+0x5ecfaa]
V  [jvm.dll+0x722bd5]
V  [jvm.dll+0x72412d]
V  [jvm.dll+0x7247e3]
V  [jvm.dll+0x242928]
V  [jvm.dll+0x5ea374]
V  [jvm.dll+0x5df425]
V  [jvm.dll+0x2fdebb]
V  [jvm.dll+0x2fde2a]
V  [jvm.dll+0x2fdd02]
V  [jvm.dll+0x302bf6]
V  [jvm.dll+0x34b2a3]
V  [jvm.dll+0x34b9a6]
V  [jvm.dll+0x34b3a3]
V  [jvm.dll+0x2d8888]
V  [jvm.dll+0x2d9a37]
V  [jvm.dll+0x701737]
V  [jvm.dll+0x702f2c]
V  [jvm.dll+0x3587d9]
V  [jvm.dll+0x6e4fae]
V  [jvm.dll+0x3c0be3]
V  [jvm.dll+0x3c2e91]
C  [jli.dll+0x5373]
C  [ucrtbase.dll+0x26c0c]
C  [KERNEL32.DLL+0x154e0]
C  [ntdll.dll+0x485b]


---------------  P R O C E S S  ---------------

Threads class SMR info:
_java_thread_list=0x0000023920b75160, length=0, elements={
}

Java Threads: ( => current thread )

Other Threads:
  0x0000023922e40800 GCTaskThread "GC Thread#0" [stack: 0x0000008777300000,0x0000008777400000] [id=28348]
  0x0000023922e70000 ConcurrentGCThread "G1 Main Marker" [stack: 0x0000008777400000,0x0000008777500000] [id=28568]
  0x0000023922e71800 ConcurrentGCThread "G1 Conc#0" [stack: 0x0000008777500000,0x0000008777600000] [id=10892]

[error occurred during error reporting (printing all threads), id 0xc0000005, EXCEPTION_ACCESS_VIOLATION (0xc0000005) at pc=0x00007ffa83ae9107]

VM state:not at safepoint (not fully initialized)

VM Mutex/Monitor currently owned by a thread:  ([mutex/lock_event])
[0x0000023922e26190] Heap_lock - owner thread: 0x0000023922e29000

Heap address: 0x0000000089400000, size: 1900 MB, Compressed Oops mode: Non-zero based: 0x0000000089400000
Narrow klass base: 0x0000000000000000, Narrow klass shift: 0

GC Heap History (0 events):
No events

Deoptimization events (0 events):
No events

Classes redefined (0 events):
No events

Internal exceptions (0 events):
No events

Events (1 events):
Event: 0.017 Loaded shared library C:\Program Files\Android\Android Studio\jre\bin\zip.dll


Dynamic libraries:
0x00007ff665f40000 - 0x00007ff665f4a000 	C:\Program Files\Android\Android Studio\jre\bin\java.exe
0x00007ffb2f000000 - 0x00007ffb2f209000 	C:\WINDOWS\SYSTEM32\ntdll.dll
0x00007ffb2e1c0000 - 0x00007ffb2e27d000 	C:\WINDOWS\System32\KERNEL32.DLL
0x00007ffb2c7c0000 - 0x00007ffb2cb34000 	C:\WINDOWS\System32\KERNELBASE.dll
0x00007ffb2cbe0000 - 0x00007ffb2ccf1000 	C:\WINDOWS\System32\ucrtbase.dll
0x00007ffb1e370000 - 0x00007ffb1e389000 	C:\Program Files\Android\Android Studio\jre\bin\jli.dll
0x00007ffb1d0c0000 - 0x00007ffb1d0d7000 	C:\Program Files\Android\Android Studio\jre\bin\VCRUNTIME140.dll
0x00007ffb2cfa0000 - 0x00007ffb2d14c000 	C:\WINDOWS\System32\USER32.dll
0x00007ffb1e910000 - 0x00007ffb1ebb5000 	C:\WINDOWS\WinSxS\amd64_microsoft.windows.common-controls_6595b64144ccf1df_6.0.22000.120_none_9d947278b86cc467\COMCTL32.dll
0x00007ffb2c4f0000 - 0x00007ffb2c516000 	C:\WINDOWS\System32\win32u.dll
0x00007ffb2cec0000 - 0x00007ffb2cee9000 	C:\WINDOWS\System32\GDI32.dll
0x00007ffb2cef0000 - 0x00007ffb2cf93000 	C:\WINDOWS\System32\msvcrt.dll
0x00007ffb2cd00000 - 0x00007ffb2ce12000 	C:\WINDOWS\System32\gdi32full.dll
0x00007ffb2cb40000 - 0x00007ffb2cbdd000 	C:\WINDOWS\System32\msvcp_win.dll
0x00007ffb2d290000 - 0x00007ffb2d2c1000 	C:\WINDOWS\System32\IMM32.DLL
0x00007ffaf0be0000 - 0x00007ffaf0c7d000 	C:\Program Files\Android\Android Studio\jre\bin\msvcp140.dll
0x00007ffa83800000 - 0x00007ffa842cf000 	C:\Program Files\Android\Android Studio\jre\bin\server\jvm.dll
0x00007ffb2d860000 - 0x00007ffb2d90e000 	C:\WINDOWS\System32\ADVAPI32.dll
0x00007ffb2d970000 - 0x00007ffb2da0e000 	C:\WINDOWS\System32\sechost.dll
0x00007ffb2ea80000 - 0x00007ffb2eba0000 	C:\WINDOWS\System32\RPCRT4.dll
0x00007ffb2efb0000 - 0x00007ffb2efb8000 	C:\WINDOWS\System32\PSAPI.DLL
0x00007ffb27640000 - 0x00007ffb27673000 	C:\WINDOWS\SYSTEM32\WINMM.dll
0x00007ffb24ef0000 - 0x00007ffb24efa000 	C:\WINDOWS\SYSTEM32\VERSION.dll
0x00007ffb193b0000 - 0x00007ffb193b9000 	C:\WINDOWS\SYSTEM32\WSOCK32.dll
0x00007ffb2d650000 - 0x00007ffb2d6bf000 	C:\WINDOWS\System32\ws2_32.DLL
0x00007ffb2b5f0000 - 0x00007ffb2b608000 	C:\WINDOWS\SYSTEM32\kernel.appcore.dll
0x00007ffb191e0000 - 0x00007ffb191f1000 	C:\Program Files\Android\Android Studio\jre\bin\verify.dll
0x00007ffb24240000 - 0x00007ffb24461000 	C:\WINDOWS\SYSTEM32\DBGHELP.DLL
0x00007ffb19980000 - 0x00007ffb199b1000 	C:\WINDOWS\SYSTEM32\dbgcore.DLL
0x00007ffb2ce20000 - 0x00007ffb2ce9f000 	C:\WINDOWS\System32\bcryptPrimitives.dll
0x00007ffb15380000 - 0x00007ffb153a9000 	C:\Program Files\Android\Android Studio\jre\bin\java.dll
0x00007ffb1e240000 - 0x00007ffb1e24b000 	C:\Program Files\Android\Android Studio\jre\bin\jimage.dll
0x00007ffb15960000 - 0x00007ffb15978000 	C:\Program Files\Android\Android Studio\jre\bin\zip.dll

dbghelp: loaded successfully - version: 4.0.5 - missing functions: none
symbol engine: initialized successfully - sym options: 0x614 - pdb path: .;C:\Program Files\Android\Android Studio\jre\bin;C:\WINDOWS\SYSTEM32;C:\WINDOWS\WinSxS\amd64_microsoft.windows.common-controls_6595b64144ccf1df_6.0.22000.120_none_9d947278b86cc467;C:\Program Files\Android\Android Studio\jre\bin\server

VM Arguments:
jvm_args: -Dorg.gradle.appname=gradlew 
java_command: org.gradle.wrapper.GradleWrapperMain -q -Ptarget-platform=android-arm64 -Ptarget=C:\Users\SD\IdeaProjects\archathon_team32\lib\main.dart -Pdart-defines=Zmx1dHRlci5pbnNwZWN0b3Iuc3RydWN0dXJlZEVycm9ycz10cnVl,RkxVVFRFUl9XRUJfQVVUT19ERVRFQ1Q9dHJ1ZQ== -Pdart-obfuscation=false -Ptrack-widget-creation=true -Ptree-shake-icons=false -Pfilesystem-scheme=org-dartlang-root assembleDebug
java_class_path (initial): C:\Users\SD\IdeaProjects\archathon_team32\android\\gradle\wrapper\gradle-wrapper.jar
Launcher Type: SUN_STANDARD

[Global flags]
     intx CICompilerCount                          = 12                                        {product} {ergonomic}
     uint ConcGCThreads                            = 3                                         {product} {ergonomic}
     uint G1ConcRefinementThreads                  = 13                                        {product} {ergonomic}
   size_t G1HeapRegionSize                         = 1048576                                   {product} {ergonomic}
    uintx GCDrainStackTargetSize                   = 64                                        {product} {ergonomic}
   size_t InitialHeapSize                          = 125829120                                 {product} {ergonomic}
   size_t MarkStackSize                            = 4194304                                   {product} {ergonomic}
   size_t MaxHeapSize                              = 1992294400                                {product} {ergonomic}
   size_t MinHeapDeltaBytes                        = 1048576                                   {product} {ergonomic}
    uintx NonNMethodCodeHeapSize                   = 7594288                                {pd product} {ergonomic}
    uintx NonProfiledCodeHeapSize                  = 122031976                              {pd product} {ergonomic}
    uintx ProfiledCodeHeapSize                     = 122031976                              {pd product} {ergonomic}
    uintx ReservedCodeCacheSize                    = 251658240                              {pd product} {ergonomic}
     bool SegmentedCodeCache                       = true                                      {product} {ergonomic}
     bool UseCompressedClassPointers               = true                                 {lp64_product} {ergonomic}
     bool UseCompressedOops                        = true                                 {lp64_product} {ergonomic}
     bool UseG1GC                                  = true                                      {product} {ergonomic}
     bool UseLargePagesIndividualAllocation        = false                                  {pd product} {ergonomic}

Logging:
Log output configuration:
 #0: stdout all=warning uptime,level,tags
 #1: stderr all=off uptime,level,tags

Environment Variables:
JAVA_HOME=C:\Program Files\Android\Android Studio\jre
CLASSPATH=C:\Users\SD\IdeaProjects\archathon_team32\android\\gradle\wrapper\gradle-wrapper.jar
PATH=C:\Program Files\Common Files\Oracle\Java\javapath;C:\Windows\system32;C:\Windows;C:\Windows\System32\Wbem;C:\Windows\System32\WindowsPowerShell\v1.0\;C:\Windows\System32\OpenSSH\;C:\Program Files (x86)\NVIDIA Corporation\PhysX\Common;C:\Program Files\NVIDIA Corporation\NVIDIA NvDLISR;C:\Program Files\Git\cmd;C:\Program Files\dotnet\;C:\Program Files\Mono\bin;C:\MinGW\bin;C:\Program Files\Java\jdk-15.0.1\bin;C:\WINDOWS\system32;C:\WINDOWS;C:\WINDOWS\System32\Wbem;C:\WINDOWS\System32\WindowsPowerShell\v1.0\;C:\WINDOWS\System32\OpenSSH\;C:\Program Files\MongoDB\Server\5.0\bin;C:\Program Files\mongosh-1.1.7-win32-x64\bin;C:\Program Files\MongoDB\Tools\100\bin;C:\Program Files\nodejs\;C:\Users\SD\AppData\Local\Android\Sdk\platform-tools;C:\Users\SD\AppData\Local\Programs\Python\Python39\Scripts\;C:\Users\SD\AppData\Local\Programs\Python\Python39\;C:\Users\$D\AppData\Local\Microsoft\WindowsApps;C:\src\flutter\bin;C:\Users\$D\.dotnet\tools;C:\Program Files\JetBrains\PyCharm Community Edition 2021.2.2\bin;;C:\Program Files\nodejs;C:\Users\SD\.dotnet\tools;C:\Program Files (x86)\Atmel\Flip 3.4.7\bin;C:\Users\SD\AppData\Local\Microsoft\WindowsApps;C:\Users\SD\AppData\Local\Programs\Microsoft VS Code\bin;C:\Users\SD\AppData\Roaming\npm;C:\Program Files\JetBrains\IntelliJ IDEA Community Edition 2021.3.1\bin;;C:\src\flutter\bin\mingit\cmd
USERNAME=SD
OS=Windows_NT
PROCESSOR_IDENTIFIER=AMD64 Family 23 Model 96 Stepping 1, AuthenticAMD



---------------  S Y S T E M  ---------------

OS: Windows 10 , 64 bit Build 22000 (10.0.22000.434)
OS uptime: 9 days 1:33 hours

CPU:total 16 (initial active 16) (16 cores per cpu, 2 threads per core) family 23 model 96 stepping 1 microcode 0x0, cmov, cx8, fxsr, mmx, sse, sse2, sse3, ssse3, sse4.1, sse4.2, popcnt, avx, avx2, aes, clmul, mmxext, 3dnowpref, lzcnt, sse4a, ht, tsc, tscinvbit, tscinv, bmi1, bmi2, adx, 

Memory: 4k page, system-wide physical 7599M (68M free)
TotalPageFile size 31151M (AvailPageFile size 116M)
current process WorkingSet (physical memory assigned to process): 9M, peak: 10M
current process commit charge ("private bytes"): 70M, peak: 190M

vm_info: OpenJDK 64-Bit Server VM (11.0.10+0-b96-7249189) for windows-amd64 JRE (11.0.10+0-b96-7249189), built on Mar 31 2021 21:44:00 by "builder" with MS VC++ 14.0 (VS2015)

END.
